[INFO ] 2023-01-14 21:21:52.534 [main] Loggerload - ===============================================================================================
[INFO ] 2023-01-14 21:21:52.537 [main] Loggerload - [@s_001] : Get all programs
[INFO ] 2023-01-14 21:21:52.537 [main] Loggerload - -----------------------------------------------------------------------------------------------
[INFO ] 2023-01-14 21:21:55.449 [main] Loggerload - Actual response code is  :200
[INFO ] 2023-01-14 21:21:55.466 [main] Loggerload - ===============================================================================================
[INFO ] 2023-01-14 21:21:55.466 [main] Loggerload - [@s_001] : Get program by programId
[INFO ] 2023-01-14 21:21:55.466 [main] Loggerload - -----------------------------------------------------------------------------------------------
[INFO ] 2023-01-14 21:21:55.699 [main] Loggerload - Actual response code is  :200
[INFO ] 2023-01-14 21:21:56.388 [main] Loggerload - ---------->Actual program name is  :Jan23-API Queen Bees-Java-011
[INFO ] 2023-01-14 21:21:56.398 [main] Loggerload - ===============================================================================================
[INFO ] 2023-01-14 21:21:56.398 [main] Loggerload - [@s_001] : Get program by invalid progamId
[INFO ] 2023-01-14 21:21:56.398 [main] Loggerload - -----------------------------------------------------------------------------------------------
[INFO ] 2023-01-14 21:21:56.629 [main] Loggerload - Actual response code is  :400
[INFO ] 2023-01-14 21:21:56.644 [main] Loggerload - ===============================================================================================
[INFO ] 2023-01-14 21:21:56.644 [main] Loggerload - [@s_001] : Get program by not giving programId
[INFO ] 2023-01-14 21:21:56.644 [main] Loggerload - -----------------------------------------------------------------------------------------------
[INFO ] 2023-01-14 21:21:57.152 [main] Loggerload - Actual response code is  :404
[INFO ] 2023-01-14 21:21:57.165 [main] Loggerload - ===============================================================================================
[INFO ] 2023-01-14 21:21:57.165 [main] Loggerload - [@s_001] : Get all program by invalid url
[INFO ] 2023-01-14 21:21:57.165 [main] Loggerload - -----------------------------------------------------------------------------------------------
[INFO ] 2023-01-14 21:21:57.378 [main] Loggerload - Actual response code is  :404
[INFO ] 2023-01-14 21:27:19.373 [main] Loggerload - ===============================================================================================
[INFO ] 2023-01-14 21:27:19.376 [main] Loggerload - [@s_001] : Post Req
[INFO ] 2023-01-14 21:27:19.376 [main] Loggerload - -----------------------------------------------------------------------------------------------
[INFO ] 2023-01-14 21:27:21.562 [main] Loggerload - Actual response code is  :400
[INFO ] 2023-01-14 21:27:21.583 [main] Loggerload - ===============================================================================================
[INFO ] 2023-01-14 21:27:21.584 [main] Loggerload - [@s_001] : Post Req without sending header
[INFO ] 2023-01-14 21:27:21.584 [main] Loggerload - -----------------------------------------------------------------------------------------------
[INFO ] 2023-01-14 21:27:21.823 [main] Loggerload - Actual response code is  :415
[INFO ] 2023-01-14 21:27:22.409 [main] Loggerload - ===============================================================================================
[INFO ] 2023-01-14 21:27:22.409 [main] Loggerload - [@s_001] : Post Req with invalid url
[INFO ] 2023-01-14 21:27:22.409 [main] Loggerload - -----------------------------------------------------------------------------------------------
[INFO ] 2023-01-14 21:27:22.634 [main] Loggerload - Actual response code is  :404
[INFO ] 2023-01-14 21:27:22.658 [main] Loggerload - ===============================================================================================
[INFO ] 2023-01-14 21:27:22.658 [main] Loggerload - [@s_001] : Post Req with invalid body
[INFO ] 2023-01-14 21:27:22.658 [main] Loggerload - -----------------------------------------------------------------------------------------------
[INFO ] 2023-01-14 21:27:22.889 [main] Loggerload - Actual response code is  :400
[INFO ] 2023-01-14 21:27:34.678 [main] Loggerload - ===============================================================================================
[INFO ] 2023-01-14 21:27:34.681 [main] Loggerload - [@s_001] : Post Req
[INFO ] 2023-01-14 21:27:34.681 [main] Loggerload - -----------------------------------------------------------------------------------------------
[INFO ] 2023-01-14 21:27:36.696 [main] Loggerload - Actual response code is  :400
[INFO ] 2023-01-14 21:27:37.232 [main] Loggerload - ===============================================================================================
[INFO ] 2023-01-14 21:27:37.233 [main] Loggerload - [@s_001] : Post Req with invalid url
[INFO ] 2023-01-14 21:27:37.233 [main] Loggerload - -----------------------------------------------------------------------------------------------
[INFO ] 2023-01-14 21:27:37.454 [main] Loggerload - Actual response code is  :404
[INFO ] 2023-01-14 21:27:37.473 [main] Loggerload - ===============================================================================================
[INFO ] 2023-01-14 21:27:37.473 [main] Loggerload - [@s_001] : Post Req with invalid body
[INFO ] 2023-01-14 21:27:37.473 [main] Loggerload - -----------------------------------------------------------------------------------------------
[INFO ] 2023-01-14 21:27:37.701 [main] Loggerload - Actual response code is  :400
[INFO ] 2023-01-14 21:27:37.707 [main] Loggerload - ===============================================================================================
[INFO ] 2023-01-14 21:27:37.707 [main] Loggerload - [@s_001] : Post Req without sending header
[INFO ] 2023-01-14 21:27:37.708 [main] Loggerload - -----------------------------------------------------------------------------------------------
[INFO ] 2023-01-14 21:27:38.023 [main] Loggerload - Actual response code is  :415
[INFO ] 2023-01-14 21:27:48.375 [main] Loggerload - ===============================================================================================
[INFO ] 2023-01-14 21:27:48.379 [main] Loggerload - [@s_001] : Get all batches
[INFO ] 2023-01-14 21:27:48.379 [main] Loggerload - -----------------------------------------------------------------------------------------------
[INFO ] 2023-01-14 21:27:48.990 [main] Loggerload - In user_send_api_request_to_get_all_batches_with
[INFO ] 2023-01-14 21:27:50.194 [main] Loggerload - Actual response code is  :200
[INFO ] 2023-01-14 21:27:50.207 [main] Loggerload - ===============================================================================================
[INFO ] 2023-01-14 21:27:50.207 [main] Loggerload - [@s_001] : Get batch by batchId
[INFO ] 2023-01-14 21:27:50.207 [main] Loggerload - -----------------------------------------------------------------------------------------------
[INFO ] 2023-01-14 21:27:50.208 [main] Loggerload - In user_send_api_request_to_get_all_batches_with
[INFO ] 2023-01-14 21:27:50.456 [main] Loggerload - ===============================================================================================
[INFO ] 2023-01-14 21:27:50.456 [main] Loggerload - [@s_001] : Get batch by batchName
[INFO ] 2023-01-14 21:27:50.456 [main] Loggerload - -----------------------------------------------------------------------------------------------
[INFO ] 2023-01-14 21:27:50.457 [main] Loggerload - In user_send_api_request_to_get_all_batches_with
[INFO ] 2023-01-14 21:27:50.674 [main] Loggerload - Actual response code is  :200
[INFO ] 2023-01-14 21:27:50.684 [main] Loggerload - ===============================================================================================
[INFO ] 2023-01-14 21:27:50.684 [main] Loggerload - [@s_001] : Get batch by programId
[INFO ] 2023-01-14 21:27:50.684 [main] Loggerload - -----------------------------------------------------------------------------------------------
[INFO ] 2023-01-14 21:27:50.685 [main] Loggerload - In user_send_api_request_to_get_all_batches_with
[INFO ] 2023-01-14 21:27:50.899 [main] Loggerload - Actual response code is  :200
[INFO ] 2023-01-14 21:27:50.906 [main] Loggerload - ===============================================================================================
[INFO ] 2023-01-14 21:27:50.906 [main] Loggerload - [@s_001] : Get batch by invalid programId
[INFO ] 2023-01-14 21:27:50.906 [main] Loggerload - -----------------------------------------------------------------------------------------------
[INFO ] 2023-01-14 21:27:50.907 [main] Loggerload - In user_send_api_request_to_get_all_batches_with
[INFO ] 2023-01-14 21:27:51.123 [main] Loggerload - Actual response code is  :400
[INFO ] 2023-01-14 21:27:51.840 [main] Loggerload - ===============================================================================================
[INFO ] 2023-01-14 21:27:51.840 [main] Loggerload - [@s_001] : Get all batches by giving invalid URL
[INFO ] 2023-01-14 21:27:51.840 [main] Loggerload - -----------------------------------------------------------------------------------------------
[INFO ] 2023-01-14 21:27:51.841 [main] Loggerload - In user_send_api_request_to_get_all_batches_with
[INFO ] 2023-01-14 21:27:52.068 [main] Loggerload - Actual response code is  :404
[INFO ] 2023-01-14 21:27:52.084 [main] Loggerload - ===============================================================================================
[INFO ] 2023-01-14 21:27:52.084 [main] Loggerload - [@s_001] : Get batch by invalid batchId
[INFO ] 2023-01-14 21:27:52.084 [main] Loggerload - -----------------------------------------------------------------------------------------------
[INFO ] 2023-01-14 21:27:52.085 [main] Loggerload - In user_send_api_request_to_get_all_batches_with
[INFO ] 2023-01-14 21:27:52.293 [main] Loggerload - Actual response code is  :400
[INFO ] 2023-01-14 21:27:52.307 [main] Loggerload - ===============================================================================================
[INFO ] 2023-01-14 21:27:52.307 [main] Loggerload - [@s_001] : Get batch by invalid batchName
[INFO ] 2023-01-14 21:27:52.307 [main] Loggerload - -----------------------------------------------------------------------------------------------
[INFO ] 2023-01-14 21:27:52.308 [main] Loggerload - In user_send_api_request_to_get_all_batches_with
[INFO ] 2023-01-14 21:27:52.534 [main] Loggerload - Actual response code is  :400
[INFO ] 2023-01-14 21:27:52.547 [main] Loggerload - ===============================================================================================
[INFO ] 2023-01-14 21:27:52.547 [main] Loggerload - [@s_001] : Get batch by not giving any batchName
[INFO ] 2023-01-14 21:27:52.547 [main] Loggerload - -----------------------------------------------------------------------------------------------
[INFO ] 2023-01-14 21:27:52.548 [main] Loggerload - In user_send_api_request_to_get_all_batches_with
[INFO ] 2023-01-14 21:27:52.749 [main] Loggerload - Actual response code is  :405
[INFO ] 2023-01-14 21:27:52.763 [main] Loggerload - ===============================================================================================
[INFO ] 2023-01-14 21:27:52.764 [main] Loggerload - [@s_001] : Get batch by not giving any batchId
[INFO ] 2023-01-14 21:27:52.764 [main] Loggerload - -----------------------------------------------------------------------------------------------
[INFO ] 2023-01-14 21:27:52.765 [main] Loggerload - In user_send_api_request_to_get_all_batches_with
[INFO ] 2023-01-14 21:27:52.964 [main] Loggerload - Actual response code is  :405
